12.11.2017 11:46:31.318 0 DEBUG    30820 TemplateLoader: path=F:/git/NBUI/Application/etc/templates, codec=UTF-8
12.11.2017 11:46:31.318 0 DEBUG    30820 TemplateCache: timeout=60000, size=1000000
12.11.2017 11:46:31.318 0 DEBUG    30820 HttpSessionStore: Sessions expire after 3600000 milliseconds
12.11.2017 11:46:31.318 0 DEBUG    30820 StaticFileController: docroot=F:/git/NBUI/Application/etc/docroot, encoding=UTF-8, maxAge=60000
12.11.2017 11:46:31.318 0 DEBUG    30820 StaticFileController: cache timeout=60000, size=1000000
12.11.2017 11:46:31.318 0 DEBUG    30820 RequestMapper: created
12.11.2017 11:46:31.322 0 DEBUG    30820 HttpListener: Listening on port 8000
12.11.2017 11:46:31.322 1 WARNING  30820 Application has started
12.11.2017 11:46:31.322 1 WARNING  30820 F:/git/NBUI/build-Application-unknown-Debug/debug/config.json not found
12.11.2017 11:46:31.322 1 WARNING  30820 F:/git/NBUI/build-Application-unknown-Debug/debug/etc/config.json not found
12.11.2017 11:46:31.322 1 WARNING  30820 F:/git/NBUI/build-Application-unknown-Debug/debug/../etc/config.json not found
12.11.2017 11:46:31.322 1 WARNING  30820 F:/git/NBUI/build-Application-unknown-Debug/debug/../../etc/config.json not found
12.11.2017 11:46:31.323 1 WARNING  30820 F:/git/NBUI/build-Application-unknown-Debug/debug/../Application/etc/config.json not found
12.11.2017 11:46:31.323 1 WARNING  30820 F:/git/NBUI/build-Application-unknown-Debug/debug/../../Application/etc/config.json not found
12.11.2017 11:46:31.323 1 WARNING  30820 F:/git/NBUI/build-Application-unknown-Debug/debug/../../../Application/etc/config.json not found
12.11.2017 11:46:31.323 1 WARNING  30820 F:/git/NBUI/build-Application-unknown-Debug/debug/../../../../Application/etc/config.json not found
12.11.2017 11:46:31.323 1 WARNING  30820 F:/git/NBUI/build-Application-unknown-Debug/debug/../../../../../Application/etc/config.json not found
12.11.2017 11:46:31.323 1 WARNING  30820 C:/etc/opt/config.json not found
12.11.2017 11:46:31.323 1 WARNING  30820 C:/etc/config.json not found
12.11.2017 11:46:31.323 3 FATAL    30820 Cannot find config file config.json
12.11.2017 11:47:27.216 0 DEBUG    38076 TemplateLoader: path=F:/git/NBUI/Application/etc/templates, codec=UTF-8
12.11.2017 11:47:27.216 0 DEBUG    38076 TemplateCache: timeout=60000, size=1000000
12.11.2017 11:47:27.216 0 DEBUG    38076 HttpSessionStore: Sessions expire after 3600000 milliseconds
12.11.2017 11:47:27.216 0 DEBUG    38076 StaticFileController: docroot=F:/git/NBUI/Application/etc/docroot, encoding=UTF-8, maxAge=60000
12.11.2017 11:47:27.216 0 DEBUG    38076 StaticFileController: cache timeout=60000, size=1000000
12.11.2017 11:47:27.216 0 DEBUG    38076 RequestMapper: created
12.11.2017 11:47:27.241 0 DEBUG    38076 HttpListener: Listening on port 8000
12.11.2017 11:47:27.241 1 WARNING  38076 Application has started
12.11.2017 11:47:27.242 1 WARNING  38076 F:/git/NBUI/build-Application-unknown-Debug/debug/config.json not found
12.11.2017 11:47:27.243 1 WARNING  38076 F:/git/NBUI/build-Application-unknown-Debug/debug/etc/config.json not found
12.11.2017 11:47:27.243 1 WARNING  38076 F:/git/NBUI/build-Application-unknown-Debug/debug/../etc/config.json not found
12.11.2017 11:47:27.243 1 WARNING  38076 F:/git/NBUI/build-Application-unknown-Debug/debug/../../etc/config.json not found
12.11.2017 11:47:27.243 1 WARNING  38076 F:/git/NBUI/build-Application-unknown-Debug/debug/../Application/etc/config.json not found
12.11.2017 11:47:27.243 1 WARNING  38076 F:/git/NBUI/build-Application-unknown-Debug/debug/../../Application/etc/config.json not found
12.11.2017 11:47:27.243 1 WARNING  38076 F:/git/NBUI/build-Application-unknown-Debug/debug/../../../Application/etc/config.json not found
12.11.2017 11:47:27.243 1 WARNING  38076 F:/git/NBUI/build-Application-unknown-Debug/debug/../../../../Application/etc/config.json not found
12.11.2017 11:47:27.243 1 WARNING  38076 F:/git/NBUI/build-Application-unknown-Debug/debug/../../../../../Application/etc/config.json not found
12.11.2017 11:47:27.243 1 WARNING  38076 C:/etc/opt/config.json not found
12.11.2017 11:47:27.243 1 WARNING  38076 C:/etc/config.json not found
12.11.2017 11:47:27.243 3 FATAL    38076 Cannot find config file config.json
12.11.2017 11:47:55.388 0 DEBUG    52320 TemplateLoader: path=F:/git/NBUI/Application/etc/templates, codec=UTF-8
12.11.2017 11:47:55.388 0 DEBUG    52320 TemplateCache: timeout=60000, size=1000000
12.11.2017 11:47:55.389 0 DEBUG    52320 HttpSessionStore: Sessions expire after 3600000 milliseconds
12.11.2017 11:47:55.389 0 DEBUG    52320 StaticFileController: docroot=F:/git/NBUI/Application/etc/docroot, encoding=UTF-8, maxAge=60000
12.11.2017 11:47:55.389 0 DEBUG    52320 StaticFileController: cache timeout=60000, size=1000000
12.11.2017 11:47:55.389 0 DEBUG    52320 RequestMapper: created
12.11.2017 11:47:55.421 0 DEBUG    52320 HttpListener: Listening on port 8000
12.11.2017 11:47:55.421 1 WARNING  52320 Application has started
12.11.2017 11:47:55.422 1 WARNING  52320 F:/git/NBUI/build-Application-unknown-Debug/debug/config.json not found
12.11.2017 11:47:55.422 1 WARNING  52320 F:/git/NBUI/build-Application-unknown-Debug/debug/etc/config.json not found
12.11.2017 11:47:55.422 1 WARNING  52320 F:/git/NBUI/build-Application-unknown-Debug/debug/../etc/config.json not found
12.11.2017 11:47:55.422 1 WARNING  52320 F:/git/NBUI/build-Application-unknown-Debug/debug/../../etc/config.json not found
12.11.2017 11:47:55.422 1 WARNING  52320 F:/git/NBUI/build-Application-unknown-Debug/debug/../Application/etc/config.json not found
12.11.2017 11:47:55.422 1 WARNING  52320 F:/git/NBUI/build-Application-unknown-Debug/debug/../../Application/etc/config.json not found
12.11.2017 11:47:55.422 1 WARNING  52320 F:/git/NBUI/build-Application-unknown-Debug/debug/../../../Application/etc/config.json not found
12.11.2017 11:47:55.422 1 WARNING  52320 F:/git/NBUI/build-Application-unknown-Debug/debug/../../../../Application/etc/config.json not found
12.11.2017 11:47:55.422 1 WARNING  52320 F:/git/NBUI/build-Application-unknown-Debug/debug/../../../../../Application/etc/config.json not found
12.11.2017 11:47:55.423 1 WARNING  52320 C:/etc/opt/config.json not found
12.11.2017 11:47:55.423 1 WARNING  52320 C:/etc/config.json not found
12.11.2017 11:47:55.423 3 FATAL    52320 Cannot find config file config.json
12.11.2017 11:48:06.689 0 DEBUG    13132 TemplateLoader: path=F:/git/NBUI/Application/etc/templates, codec=UTF-8
12.11.2017 11:48:06.689 0 DEBUG    13132 TemplateCache: timeout=60000, size=1000000
12.11.2017 11:48:06.689 0 DEBUG    13132 HttpSessionStore: Sessions expire after 3600000 milliseconds
12.11.2017 11:48:06.690 0 DEBUG    13132 StaticFileController: docroot=F:/git/NBUI/Application/etc/docroot, encoding=UTF-8, maxAge=60000
12.11.2017 11:48:06.690 0 DEBUG    13132 StaticFileController: cache timeout=60000, size=1000000
12.11.2017 11:48:06.690 0 DEBUG    13132 RequestMapper: created
12.11.2017 11:48:06.731 0 DEBUG    13132 HttpListener: Listening on port 8000
12.11.2017 11:48:09.347 1 WARNING  13132 Application has started
12.11.2017 11:48:16.783 1 WARNING  13132 F:/git/NBUI/build-Application-unknown-Debug/debug/config.json not found
12.11.2017 11:48:16.783 1 WARNING  13132 F:/git/NBUI/build-Application-unknown-Debug/debug/etc/config.json not found
12.11.2017 11:48:16.783 1 WARNING  13132 F:/git/NBUI/build-Application-unknown-Debug/debug/../etc/config.json not found
12.11.2017 11:48:16.783 1 WARNING  13132 F:/git/NBUI/build-Application-unknown-Debug/debug/../../etc/config.json not found
12.11.2017 11:48:16.783 1 WARNING  13132 F:/git/NBUI/build-Application-unknown-Debug/debug/../Application/etc/config.json not found
12.11.2017 11:48:16.783 1 WARNING  13132 F:/git/NBUI/build-Application-unknown-Debug/debug/../../Application/etc/config.json not found
12.11.2017 11:48:16.783 1 WARNING  13132 F:/git/NBUI/build-Application-unknown-Debug/debug/../../../Application/etc/config.json not found
12.11.2017 11:48:16.783 1 WARNING  13132 F:/git/NBUI/build-Application-unknown-Debug/debug/../../../../Application/etc/config.json not found
12.11.2017 11:48:16.783 1 WARNING  13132 F:/git/NBUI/build-Application-unknown-Debug/debug/../../../../../Application/etc/config.json not found
12.11.2017 11:48:16.783 1 WARNING  13132 C:/etc/opt/config.json not found
12.11.2017 11:48:16.783 1 WARNING  13132 C:/etc/config.json not found
12.11.2017 11:48:16.783 3 FATAL    13132 Cannot find config file config.json
12.11.2017 11:50:44.585 0 DEBUG    58556 TemplateLoader: path=F:/git/NBUI/Application/etc/templates, codec=UTF-8
12.11.2017 11:50:44.585 0 DEBUG    58556 TemplateCache: timeout=60000, size=1000000
12.11.2017 11:50:44.585 0 DEBUG    58556 HttpSessionStore: Sessions expire after 3600000 milliseconds
12.11.2017 11:50:44.585 0 DEBUG    58556 StaticFileController: docroot=F:/git/NBUI/Application/etc/docroot, encoding=UTF-8, maxAge=60000
12.11.2017 11:50:44.585 0 DEBUG    58556 StaticFileController: cache timeout=60000, size=1000000
12.11.2017 11:50:44.585 0 DEBUG    58556 RequestMapper: created
12.11.2017 11:50:44.589 0 DEBUG    58556 HttpListener: Listening on port 8000
12.11.2017 11:50:44.589 1 WARNING  58556 Application has started
12.11.2017 11:50:44.589 0 DEBUG    58556 Using config file F:/git/NBUI/Application/etc/Config.json
12.11.2017 11:50:44.591 0 DEBUG    58556 encoding: "UTF-8" 
12.11.2017 11:50:44.591 0 DEBUG    58556 plugins: 
12.11.2017 11:50:44.591 0 DEBUG    58556 	- "python" 
12.11.2017 11:50:44.591 0 DEBUG    58556 	- "c++" 
12.11.2017 11:50:44.591 0 DEBUG    58556 	- "ruby" 
12.11.2017 11:50:44.591 0 DEBUG    58556 length: 3 
12.11.2017 11:50:44.591 0 DEBUG    58556 use_space: true 
12.11.2017 11:50:44.592 1 WARNING  58556 C:\Program Files (x86)\Google\Chrome\Application\chrome.exe
12.11.2017 12:06:51.038 0 DEBUG    2388 TemplateLoader: path=F:/git/NBUI/Application/etc/templates, codec=UTF-8
12.11.2017 12:06:51.038 0 DEBUG    2388 TemplateCache: timeout=60000, size=1000000
12.11.2017 12:06:51.038 0 DEBUG    2388 HttpSessionStore: Sessions expire after 3600000 milliseconds
12.11.2017 12:06:51.038 0 DEBUG    2388 StaticFileController: docroot=F:/git/NBUI/Application/etc/docroot, encoding=UTF-8, maxAge=60000
12.11.2017 12:06:51.038 0 DEBUG    2388 StaticFileController: cache timeout=60000, size=1000000
12.11.2017 12:06:51.038 0 DEBUG    2388 RequestMapper: created
12.11.2017 12:06:51.042 0 DEBUG    2388 HttpListener: Listening on port 8000
12.11.2017 12:06:51.042 1 WARNING  2388 Application has started
12.11.2017 12:06:51.042 0 DEBUG    2388 Using config file F:/git/NBUI/Application/etc/Config.json
12.11.2017 12:06:51.042 0 DEBUG    2388 encoding: "UTF-8" 
12.11.2017 12:06:51.042 0 DEBUG    2388 plugins: 
12.11.2017 12:06:51.042 0 DEBUG    2388 	- "python" 
12.11.2017 12:06:51.042 0 DEBUG    2388 	- "c++" 
12.11.2017 12:06:51.042 0 DEBUG    2388 	- "ruby" 
12.11.2017 12:06:51.042 0 DEBUG    2388 length: 3 
12.11.2017 12:06:51.042 0 DEBUG    2388 use_space: true 
12.11.2017 12:06:51.043 1 WARNING  2388 C:\Program Files (x86)\Google\Chrome\Application\chrome.exe
12.11.2017 12:07:36.355 0 DEBUG    60816 TemplateLoader: path=F:/git/NBUI/Application/etc/templates, codec=UTF-8
12.11.2017 12:07:36.355 0 DEBUG    60816 TemplateCache: timeout=60000, size=1000000
12.11.2017 12:07:36.355 0 DEBUG    60816 HttpSessionStore: Sessions expire after 3600000 milliseconds
12.11.2017 12:07:36.355 0 DEBUG    60816 StaticFileController: docroot=F:/git/NBUI/Application/etc/docroot, encoding=UTF-8, maxAge=60000
12.11.2017 12:07:36.355 0 DEBUG    60816 StaticFileController: cache timeout=60000, size=1000000
12.11.2017 12:07:36.355 0 DEBUG    60816 RequestMapper: created
12.11.2017 12:07:36.359 0 DEBUG    60816 HttpListener: Listening on port 8000
12.11.2017 12:07:36.359 1 WARNING  60816 Application has started
12.11.2017 12:07:36.359 1 WARNING  60816 F:/git/NBUI/build-Application-unknown-Debug/debug/Config.json not found
12.11.2017 12:07:36.359 1 WARNING  60816 F:/git/NBUI/build-Application-unknown-Debug/debug/etc/Config.json not found
12.11.2017 12:07:36.359 1 WARNING  60816 F:/git/NBUI/build-Application-unknown-Debug/debug/../etc/Config.json not found
12.11.2017 12:07:36.359 1 WARNING  60816 F:/git/NBUI/build-Application-unknown-Debug/debug/../../etc/Config.json not found
12.11.2017 12:07:36.359 1 WARNING  60816 F:/git/NBUI/build-Application-unknown-Debug/debug/../Application/etc/Config.json not found
12.11.2017 12:07:36.360 1 WARNING  60816 F:/git/NBUI/build-Application-unknown-Debug/debug/../../Application/etc/Config.json not found
12.11.2017 12:07:36.360 1 WARNING  60816 F:/git/NBUI/build-Application-unknown-Debug/debug/../../../Application/etc/Config.json not found
12.11.2017 12:07:36.360 1 WARNING  60816 F:/git/NBUI/build-Application-unknown-Debug/debug/../../../../Application/etc/Config.json not found
12.11.2017 12:07:36.360 1 WARNING  60816 F:/git/NBUI/build-Application-unknown-Debug/debug/../../../../../Application/etc/Config.json not found
12.11.2017 12:07:36.360 1 WARNING  60816 C:/etc/opt/Config.json not found
12.11.2017 12:07:36.360 1 WARNING  60816 C:/etc/Config.json not found
12.11.2017 12:07:36.360 3 FATAL    60816 Cannot find config file Config.json
12.11.2017 12:07:59.382 0 DEBUG    60348 TemplateLoader: path=F:/git/NBUI/Application/etc/templates, codec=UTF-8
12.11.2017 12:07:59.382 0 DEBUG    60348 TemplateCache: timeout=60000, size=1000000
12.11.2017 12:07:59.382 0 DEBUG    60348 HttpSessionStore: Sessions expire after 3600000 milliseconds
12.11.2017 12:07:59.382 0 DEBUG    60348 StaticFileController: docroot=F:/git/NBUI/Application/etc/docroot, encoding=UTF-8, maxAge=60000
12.11.2017 12:07:59.382 0 DEBUG    60348 StaticFileController: cache timeout=60000, size=1000000
12.11.2017 12:07:59.382 0 DEBUG    60348 RequestMapper: created
12.11.2017 12:07:59.424 0 DEBUG    60348 HttpListener: Listening on port 8000
12.11.2017 12:08:02.178 1 WARNING  60348 Application has started
12.11.2017 12:08:33.202 1 WARNING  60348 F:/git/NBUI/build-Application-unknown-Debug/debug/Config.json not found
12.11.2017 12:08:34.093 1 WARNING  60348 F:/git/NBUI/build-Application-unknown-Debug/debug/etc/Config.json not found
12.11.2017 12:08:35.245 1 WARNING  60348 F:/git/NBUI/build-Application-unknown-Debug/debug/../etc/Config.json not found
12.11.2017 12:08:35.710 1 WARNING  60348 F:/git/NBUI/build-Application-unknown-Debug/debug/../../etc/Config.json not found
12.11.2017 12:08:35.950 1 WARNING  60348 F:/git/NBUI/build-Application-unknown-Debug/debug/../Application/etc/Config.json not found
12.11.2017 12:08:36.401 1 WARNING  60348 F:/git/NBUI/build-Application-unknown-Debug/debug/../../Application/etc/Config.json not found
12.11.2017 12:08:36.791 1 WARNING  60348 F:/git/NBUI/build-Application-unknown-Debug/debug/../../../Application/etc/Config.json not found
12.11.2017 12:08:36.988 1 WARNING  60348 F:/git/NBUI/build-Application-unknown-Debug/debug/../../../../Application/etc/Config.json not found
12.11.2017 12:08:37.199 1 WARNING  60348 F:/git/NBUI/build-Application-unknown-Debug/debug/../../../../../Application/etc/Config.json not found
12.11.2017 12:08:37.405 1 WARNING  60348 C:/etc/opt/Config.json not found
12.11.2017 12:08:37.616 1 WARNING  60348 C:/etc/Config.json not found
12.11.2017 12:08:38.022 3 FATAL    60348 Cannot find config file Config.json
12.11.2017 12:08:49.289 0 DEBUG    43504 TemplateLoader: path=F:/git/NBUI/Application/etc/templates, codec=UTF-8
12.11.2017 12:08:49.289 0 DEBUG    43504 TemplateCache: timeout=60000, size=1000000
12.11.2017 12:08:49.289 0 DEBUG    43504 HttpSessionStore: Sessions expire after 3600000 milliseconds
12.11.2017 12:08:49.289 0 DEBUG    43504 StaticFileController: docroot=F:/git/NBUI/Application/etc/docroot, encoding=UTF-8, maxAge=60000
12.11.2017 12:08:49.289 0 DEBUG    43504 StaticFileController: cache timeout=60000, size=1000000
12.11.2017 12:08:49.290 0 DEBUG    43504 RequestMapper: created
12.11.2017 12:08:49.323 0 DEBUG    43504 HttpListener: Listening on port 8000
12.11.2017 12:08:49.323 1 WARNING  43504 Application has started
12.11.2017 12:09:06.215 1 WARNING  43504 F:/git/NBUI/build-Application-unknown-Debug/debug/Config.json not found
12.11.2017 12:09:09.838 1 WARNING  43504 F:/git/NBUI/build-Application-unknown-Debug/debug/etc/Config.json not found
12.11.2017 12:09:09.838 1 WARNING  43504 F:/git/NBUI/build-Application-unknown-Debug/debug/../etc/Config.json not found
12.11.2017 12:09:09.838 1 WARNING  43504 F:/git/NBUI/build-Application-unknown-Debug/debug/../../etc/Config.json not found
12.11.2017 12:09:09.838 1 WARNING  43504 F:/git/NBUI/build-Application-unknown-Debug/debug/../Application/etc/Config.json not found
12.11.2017 12:09:09.838 1 WARNING  43504 F:/git/NBUI/build-Application-unknown-Debug/debug/../../Application/etc/Config.json not found
12.11.2017 12:09:09.838 1 WARNING  43504 F:/git/NBUI/build-Application-unknown-Debug/debug/../../../Application/etc/Config.json not found
12.11.2017 12:09:09.838 1 WARNING  43504 F:/git/NBUI/build-Application-unknown-Debug/debug/../../../../Application/etc/Config.json not found
12.11.2017 12:09:09.838 1 WARNING  43504 F:/git/NBUI/build-Application-unknown-Debug/debug/../../../../../Application/etc/Config.json not found
12.11.2017 12:09:09.838 1 WARNING  43504 C:/etc/opt/Config.json not found
12.11.2017 12:09:09.838 1 WARNING  43504 C:/etc/Config.json not found
12.11.2017 12:09:27.223 3 FATAL    43504 Cannot find config file Config.json
12.11.2017 15:41:33.627 0 DEBUG    64416 TemplateLoader: path=F:/git/NBUI/Application/etc/templates, codec=UTF-8
12.11.2017 15:41:33.627 0 DEBUG    64416 TemplateCache: timeout=60000, size=1000000
12.11.2017 15:41:33.627 0 DEBUG    64416 HttpSessionStore: Sessions expire after 3600000 milliseconds
12.11.2017 15:41:33.627 0 DEBUG    64416 StaticFileController: docroot=F:/git/NBUI/Application/etc/docroot, encoding=UTF-8, maxAge=60000
12.11.2017 15:41:33.627 0 DEBUG    64416 StaticFileController: cache timeout=60000, size=1000000
12.11.2017 15:41:33.627 0 DEBUG    64416 RequestMapper: created
12.11.2017 15:41:33.631 0 DEBUG    64416 HttpListener: Listening on port 8000
12.11.2017 15:41:33.631 1 WARNING  64416 Application has started
12.11.2017 15:41:33.632 1 WARNING  64416 F:/git/NBUI/build-Application-unknown-Debug/debug/Config.json not found
12.11.2017 15:41:33.632 1 WARNING  64416 F:/git/NBUI/build-Application-unknown-Debug/debug/etc/Config.json not found
12.11.2017 15:41:33.632 1 WARNING  64416 F:/git/NBUI/build-Application-unknown-Debug/debug/../etc/Config.json not found
12.11.2017 15:41:33.632 1 WARNING  64416 F:/git/NBUI/build-Application-unknown-Debug/debug/../../etc/Config.json not found
12.11.2017 15:41:33.632 1 WARNING  64416 F:/git/NBUI/build-Application-unknown-Debug/debug/../Application/etc/Config.json not found
12.11.2017 15:41:33.632 1 WARNING  64416 F:/git/NBUI/build-Application-unknown-Debug/debug/../../Application/etc/Config.json not found
12.11.2017 15:41:33.632 1 WARNING  64416 F:/git/NBUI/build-Application-unknown-Debug/debug/../../../Application/etc/Config.json not found
12.11.2017 15:41:33.632 1 WARNING  64416 F:/git/NBUI/build-Application-unknown-Debug/debug/../../../../Application/etc/Config.json not found
12.11.2017 15:41:33.632 1 WARNING  64416 F:/git/NBUI/build-Application-unknown-Debug/debug/../../../../../Application/etc/Config.json not found
12.11.2017 15:41:33.632 1 WARNING  64416 C:/etc/opt/Config.json not found
12.11.2017 15:41:33.632 1 WARNING  64416 C:/etc/Config.json not found
12.11.2017 15:41:33.632 0 DEBUG    64416 encoding: "UTF-8" 
12.11.2017 15:41:33.632 0 DEBUG    64416 plugins: 
12.11.2017 15:41:33.632 0 DEBUG    64416 	- "python" 
12.11.2017 15:41:33.632 0 DEBUG    64416 	- "c++" 
12.11.2017 15:41:33.632 0 DEBUG    64416 	- "ruby" 
12.11.2017 15:41:33.632 0 DEBUG    64416 length: 3 
12.11.2017 15:41:33.632 0 DEBUG    64416 use_space: true 
12.11.2017 15:41:33.633 1 WARNING  64416 C:\Program Files (x86)\Google\Chrome\Application\chrome.exe
